<?xml version="1.0" encoding="UTF-8"?>
<!-- Generated by org.testng.reporters.JUnitReportReporter -->
<testsuite hostname="DESKTOP-LHBHN18" failures="0" tests="3" name="testRunnerFile.TestRunner" time="84.763" errors="0" timestamp="2024-03-24T22:36:24 IST" skipped="0">
  <testcase classname="testRunnerFile.TestRunner" name="runScenario" time="29.870"/>
  <testcase classname="testRunnerFile.TestRunner" name="runScenario" time="30.306"/>
  <testcase classname="testRunnerFile.TestRunner" name="runScenario" time="24.587"/>
</testsuite> <!-- testRunnerFile.TestRunner -->
